(2026-04-03T23:50:16.23253688) (2026-04-03T23:50:16.23261926) [Msg] Gazebo Sim Server v8.10.0
(2026-04-03T23:50:16.24295386) (2026-04-03T23:50:16.24302007) [Msg] Loading SDF world file[/home/shibu/ros2_ws/src/lab_world/worlds/lab_world.sdf].
(2026-04-03T23:50:16.255279427) (2026-04-03T23:50:16.255295588) [Msg] Serving entity system service on [/entity/system/add]
(2026-04-03T23:50:16.256676910) (2026-04-03T23:50:16.256685918) [Msg] Loaded level [default]
(2026-04-03T23:50:16.256707485) (2026-04-03T23:50:16.256712705) [Msg] No systems loaded from SDF, loading defaults
(2026-04-03T23:50:16.256866514) (2026-04-03T23:50:16.256872972) [Dbg] [ServerConfig.cc:1034] Loaded (3) plugins from file [/home/shibu/.gz/sim/8/server.config]
(2026-04-03T23:50:16.312977401) (2026-04-03T23:50:16.312993052) [Dbg] [Physics.cc:899] Loaded [gz::physics::dartsim::Plugin] from library [/opt/ros/jazzy/opt/gz_physics_vendor/lib/gz-physics-7/engine-plugins/libgz-physics-dartsim-plugin.so]
(2026-04-03T23:50:16.313043913) (2026-04-03T23:50:16.313049654) [Dbg] [SystemManager.cc:80] Loaded system [gz::sim::systems::Physics] for entity [1]
(2026-04-03T23:50:16.315179677) (2026-04-03T23:50:16.315196489) [Msg] Create service on [/world/lab_world/create_multiple] (async)
(2026-04-03T23:50:16.315224079) (2026-04-03T23:50:16.315231308) [Msg] Create service on [/world/lab_world/create_multiple/blocking] (blocking)
(2026-04-03T23:50:16.315402069) (2026-04-03T23:50:16.315410155) [Msg] Remove service on [/world/lab_world/remove] (async)
(2026-04-03T23:50:16.315427695) (2026-04-03T23:50:16.315432894) [Msg] Remove service on [/world/lab_world/remove/blocking] (blocking)
(2026-04-03T23:50:16.315548454) (2026-04-03T23:50:16.315555888) [Msg] Pose service on [/world/lab_world/set_pose] (async)
(2026-04-03T23:50:16.315573211) (2026-04-03T23:50:16.315578377) [Msg] Pose service on [/world/lab_world/set_pose/blocking] (blocking)
(2026-04-03T23:50:16.315704639) (2026-04-03T23:50:16.315714005) [Msg] Pose service on [/world/lab_world/set_pose_vector] (async)
(2026-04-03T23:50:16.315736972) (2026-04-03T23:50:16.315744450) [Msg] Pose service on [/world/lab_world/set_pose_vector/blocking] (blocking)
(2026-04-03T23:50:16.315942520) (2026-04-03T23:50:16.315952570) [Msg] Light configuration service on [/world/lab_world/light_config] (async)
(2026-04-03T23:50:16.315972259) (2026-04-03T23:50:16.315977577) [Msg] Light configuration service on [/world/lab_world/light_config/blocking] (blocking)
(2026-04-03T23:50:16.316313869) (2026-04-03T23:50:16.316323572) [Msg] Physics service on [/world/lab_world/set_physics] (async)
(2026-04-03T23:50:16.316340743) (2026-04-03T23:50:16.316345964) [Msg] Physics service on [/world/lab_world/set_physics/blocking] (blocking)
(2026-04-03T23:50:16.316486498) (2026-04-03T23:50:16.316493900) [Msg] SphericalCoordinates service on [/world/lab_world/set_spherical_coordinates] (async)
(2026-04-03T23:50:16.316511016) (2026-04-03T23:50:16.316516150) [Msg] SphericalCoordinates service on [/world/lab_world/set_spherical_coordinates/blocking] (blocking)
(2026-04-03T23:50:16.316613595) (2026-04-03T23:50:16.316620921) [Msg] Enable collision service on [/world/lab_world/enable_collision] (async)
(2026-04-03T23:50:16.316637994) (2026-04-03T23:50:16.316643193) [Msg] Enable collision service on [/world/lab_world/enable_collision/blocking] (blocking)
(2026-04-03T23:50:16.316748583) (2026-04-03T23:50:16.316758025) [Msg] Disable collision service on [/world/lab_world/disable_collision] (async)
(2026-04-03T23:50:16.316785051) (2026-04-03T23:50:16.316794212) [Msg] Disable collision service on [/world/lab_world/disable_collision/blocking] (blocking)
(2026-04-03T23:50:16.316983783) (2026-04-03T23:50:16.316991359) [Msg] Material service on [/world/lab_world/visual_config] (async)
(2026-04-03T23:50:16.317008605) (2026-04-03T23:50:16.317013739) [Msg] Material service on [/world/lab_world/visual_config/blocking] (blocking)
(2026-04-03T23:50:16.317184338) (2026-04-03T23:50:16.317194171) [Msg] Material service on [/world/lab_world/wheel_slip] (async)
(2026-04-03T23:50:16.317222044) (2026-04-03T23:50:16.317231758) [Msg] Material service on [/world/lab_world/wheel_slip/blocking] (blocking)
(2026-04-03T23:50:16.317283693) (2026-04-03T23:50:16.317289348) [Dbg] [SystemManager.cc:80] Loaded system [gz::sim::systems::UserCommands] for entity [1]
(2026-04-03T23:50:16.318615575) (2026-04-03T23:50:16.318624508) [Dbg] [SystemManager.cc:80] Loaded system [gz::sim::systems::SceneBroadcaster] for entity [1]
(2026-04-03T23:50:16.319097665) (2026-04-03T23:50:16.319105447) [Msg] Serving world controls on [/world/lab_world/control], [/world/lab_world/control/state] and [/world/lab_world/playback/control]
(2026-04-03T23:50:16.319215938) (2026-04-03T23:50:16.319223601) [Msg] Serving GUI information on [/world/lab_world/gui/info]
(2026-04-03T23:50:16.319243236) (2026-04-03T23:50:16.319248500) [Msg] World [lab_world] initialized with [default_physics] physics profile.
(2026-04-03T23:50:16.319378451) (2026-04-03T23:50:16.319386136) [Msg] Serving world SDF generation service on [/world/lab_world/generate_world_sdf]
(2026-04-03T23:50:16.319498982) (2026-04-03T23:50:16.319506547) [Msg] Serving world names on [/gazebo/worlds]
(2026-04-03T23:50:16.319578670) (2026-04-03T23:50:16.319586224) [Msg] Resource path add service on [/gazebo/resource_paths/add].
(2026-04-03T23:50:16.319658174) (2026-04-03T23:50:16.319665706) [Msg] Resource path get service on [/gazebo/resource_paths/get].
(2026-04-03T23:50:16.319736646) (2026-04-03T23:50:16.319744146) [Msg] Resource path resolve service on [/gazebo/resource_paths/resolve].
(2026-04-03T23:50:16.319849362) (2026-04-03T23:50:16.319856862) [Msg] Resource paths published on [/gazebo/resource_paths].
(2026-04-03T23:50:16.319950291) (2026-04-03T23:50:16.319957845) [Msg] Server control service on [/server_control].
(2026-04-03T23:50:17.916067884) (2026-04-03T23:50:17.916092207) [Msg] Found no publishers on /stats, adding root stats topic
(2026-04-03T23:50:17.916314980) (2026-04-03T23:50:17.916324618) [Msg] Found no publishers on /clock, adding root clock topic
(2026-04-03T23:50:17.916598089) (2026-04-03T23:50:17.916608118) [Dbg] [SimulationRunner.cc:533] Creating PostUpdate worker threads: 2
(2026-04-03T23:50:17.916646681) (2026-04-03T23:50:17.916654593) [Dbg] [SimulationRunner.cc:544] Creating postupdate worker thread (0)
(2026-04-03T23:50:17.919192819) (2026-04-03T23:50:17.919204638) [Msg] Serving scene information on [/world/lab_world/scene/info]
(2026-04-03T23:50:17.919292662) (2026-04-03T23:50:17.919300368) [Msg] Serving graph information on [/world/lab_world/scene/graph]
(2026-04-03T23:50:17.919446676) (2026-04-03T23:50:17.919456358) [Msg] Serving full state on [/world/lab_world/state]
(2026-04-03T23:50:17.919533050) (2026-04-03T23:50:17.919540648) [Msg] Serving full state (async) on [/world/lab_world/state_async]
(2026-04-03T23:50:17.919616363) (2026-04-03T23:50:17.919623798) [Msg] Publishing scene information on [/world/lab_world/scene/info]
(2026-04-03T23:50:17.919700751) (2026-04-03T23:50:17.919708457) [Msg] Publishing entity deletions on [/world/lab_world/scene/deletion]
(2026-04-03T23:50:17.919750874) (2026-04-03T23:50:17.919757831) [Msg] Publishing state changes on [/world/lab_world/state]
(2026-04-03T23:50:17.919818688) (2026-04-03T23:50:17.919826763) [Msg] Publishing pose messages on [/world/lab_world/pose/info]
(2026-04-03T23:50:17.919886567) (2026-04-03T23:50:17.919895456) [Msg] Publishing dynamic pose messages on [/world/lab_world/dynamic_pose/info]
(2026-04-03T23:50:17.920229056) (2026-04-03T23:50:17.920239302) [Dbg] [EntityComponentManager.cc:1656] Updated state thread iterators: 6 threads processing around 1 entities each.
(2026-04-03T23:56:56.388060383) (2026-04-03T23:56:56.388081316) [Dbg] [SignalHandler.cc:142] Received signal[2].
(2026-04-03T23:56:56.388112976) (2026-04-03T23:56:56.388121852) [Dbg] [ServerPrivate.cc:122] Server received signal[2]
(2026-04-03T23:56:56.388914491) (2026-04-03T23:56:56.388925969) [Dbg] [gz.cc:434] Shutting down gz-sim-server
(2026-04-03T23:56:56.393833148) (2026-04-03T23:56:56.393854862) [Dbg] [SimulationRunner.cc:560] Exiting postupdate worker thread (0)
