(2026-04-04T00:28:51.322301234) (2026-04-04T00:28:51.322316332) [Msg] Gazebo Sim Server v8.10.0
(2026-04-04T00:28:51.323688781) (2026-04-04T00:28:51.323697444) [Msg] Loading SDF world file[/home/shibu/ros2_ws/src/lab_world/worlds/lab_world.sdf].
(2026-04-04T00:28:51.583218653) (2026-04-04T00:28:51.583239570) [Msg] Serving entity system service on [/entity/system/add]
(2026-04-04T00:28:51.591286615) (2026-04-04T00:28:51.591302815) [Err] [SystemLoader.cc:164] Failed to load system plugin: (Reason: library does not contain requested plugin)
- Requested plugin name: [diff_drive]
- Requested library name: [libgz-sim-diff-drive-system.so]
- Resolved library path: [/opt/ros/jazzy/opt/gz_sim_vendor/lib/gz-sim-8/plugins/libgz-sim-diff-drive-system.so]
- Detected Plugins:
  - gz::sim::v8::systems::DiffDrive

    aliases:
      gz::sim::systems::DiffDrive
(2026-04-04T00:28:51.591749428) (2026-04-04T00:28:51.591761969) [Msg] Loaded level [default]
(2026-04-04T00:28:51.591788518) (2026-04-04T00:28:51.591794084) [Msg] No systems loaded from SDF, loading defaults
(2026-04-04T00:28:51.592036362) (2026-04-04T00:28:51.592048595) [Dbg] [ServerConfig.cc:1034] Loaded (3) plugins from file [/home/shibu/.gz/sim/8/server.config]
(2026-04-04T00:28:51.663911849) (2026-04-04T00:28:51.663932744) [Dbg] [Physics.cc:899] Loaded [gz::physics::dartsim::Plugin] from library [/opt/ros/jazzy/opt/gz_physics_vendor/lib/gz-physics-7/engine-plugins/libgz-physics-dartsim-plugin.so]
(2026-04-04T00:28:51.664039005) (2026-04-04T00:28:51.664049640) [Dbg] [SystemManager.cc:80] Loaded system [gz::sim::systems::Physics] for entity [1]
(2026-04-04T00:28:51.667386447) (2026-04-04T00:28:51.667428337) [Msg] Create service on [/world/lab_world/create_multiple] (async)
(2026-04-04T00:28:51.667457652) (2026-04-04T00:28:51.667463978) [Msg] Create service on [/world/lab_world/create_multiple/blocking] (blocking)
(2026-04-04T00:28:51.667670307) (2026-04-04T00:28:51.667679256) [Msg] Remove service on [/world/lab_world/remove] (async)
(2026-04-04T00:28:51.667697318) (2026-04-04T00:28:51.667702752) [Msg] Remove service on [/world/lab_world/remove/blocking] (blocking)
(2026-04-04T00:28:51.667859940) (2026-04-04T00:28:51.667903240) [Msg] Pose service on [/world/lab_world/set_pose] (async)
(2026-04-04T00:28:51.667923573) (2026-04-04T00:28:51.667928907) [Msg] Pose service on [/world/lab_world/set_pose/blocking] (blocking)
(2026-04-04T00:28:51.668108676) (2026-04-04T00:28:51.668116876) [Msg] Pose service on [/world/lab_world/set_pose_vector] (async)
(2026-04-04T00:28:51.668134465) (2026-04-04T00:28:51.668139788) [Msg] Pose service on [/world/lab_world/set_pose_vector/blocking] (blocking)
(2026-04-04T00:28:51.668398564) (2026-04-04T00:28:51.668406830) [Msg] Light configuration service on [/world/lab_world/light_config] (async)
(2026-04-04T00:28:51.668451067) (2026-04-04T00:28:51.668458638) [Msg] Light configuration service on [/world/lab_world/light_config/blocking] (blocking)
(2026-04-04T00:28:51.668865973) (2026-04-04T00:28:51.668879275) [Msg] Physics service on [/world/lab_world/set_physics] (async)
(2026-04-04T00:28:51.668910210) (2026-04-04T00:28:51.668920206) [Msg] Physics service on [/world/lab_world/set_physics/blocking] (blocking)
(2026-04-04T00:28:51.669122006) (2026-04-04T00:28:51.669132718) [Msg] SphericalCoordinates service on [/world/lab_world/set_spherical_coordinates] (async)
(2026-04-04T00:28:51.669157084) (2026-04-04T00:28:51.669163135) [Msg] SphericalCoordinates service on [/world/lab_world/set_spherical_coordinates/blocking] (blocking)
(2026-04-04T00:28:51.669322946) (2026-04-04T00:28:51.669331156) [Msg] Enable collision service on [/world/lab_world/enable_collision] (async)
(2026-04-04T00:28:51.669374192) (2026-04-04T00:28:51.669381763) [Msg] Enable collision service on [/world/lab_world/enable_collision/blocking] (blocking)
(2026-04-04T00:28:51.669543932) (2026-04-04T00:28:51.669554468) [Msg] Disable collision service on [/world/lab_world/disable_collision] (async)
(2026-04-04T00:28:51.669583563) (2026-04-04T00:28:51.669592093) [Msg] Disable collision service on [/world/lab_world/disable_collision/blocking] (blocking)
(2026-04-04T00:28:51.669857559) (2026-04-04T00:28:51.669865758) [Msg] Material service on [/world/lab_world/visual_config] (async)
(2026-04-04T00:28:51.669883325) (2026-04-04T00:28:51.669888670) [Msg] Material service on [/world/lab_world/visual_config/blocking] (blocking)
(2026-04-04T00:28:51.670078479) (2026-04-04T00:28:51.670125890) [Msg] Material service on [/world/lab_world/wheel_slip] (async)
(2026-04-04T00:28:51.670157949) (2026-04-04T00:28:51.670166160) [Msg] Material service on [/world/lab_world/wheel_slip/blocking] (blocking)
(2026-04-04T00:28:51.670200269) (2026-04-04T00:28:51.670205856) [Dbg] [SystemManager.cc:80] Loaded system [gz::sim::systems::UserCommands] for entity [1]
(2026-04-04T00:28:51.672047731) (2026-04-04T00:28:51.672060074) [Dbg] [SystemManager.cc:80] Loaded system [gz::sim::systems::SceneBroadcaster] for entity [1]
(2026-04-04T00:28:51.673021793) (2026-04-04T00:28:51.673031657) [Msg] Serving world controls on [/world/lab_world/control], [/world/lab_world/control/state] and [/world/lab_world/playback/control]
(2026-04-04T00:28:51.673191005) (2026-04-04T00:28:51.673199259) [Msg] Serving GUI information on [/world/lab_world/gui/info]
(2026-04-04T00:28:51.673223218) (2026-04-04T00:28:51.673228916) [Msg] World [lab_world] initialized with [default_physics] physics profile.
(2026-04-04T00:28:51.673408068) (2026-04-04T00:28:51.673419915) [Msg] Serving world SDF generation service on [/world/lab_world/generate_world_sdf]
(2026-04-04T00:28:51.673569190) (2026-04-04T00:28:51.673577434) [Msg] Serving world names on [/gazebo/worlds]
(2026-04-04T00:28:51.673680730) (2026-04-04T00:28:51.673688996) [Msg] Resource path add service on [/gazebo/resource_paths/add].
(2026-04-04T00:28:51.673765975) (2026-04-04T00:28:51.673803986) [Msg] Resource path get service on [/gazebo/resource_paths/get].
(2026-04-04T00:28:51.673886530) (2026-04-04T00:28:51.673894554) [Msg] Resource path resolve service on [/gazebo/resource_paths/resolve].
(2026-04-04T00:28:51.674030461) (2026-04-04T00:28:51.674038362) [Msg] Resource paths published on [/gazebo/resource_paths].
(2026-04-04T00:28:51.674200598) (2026-04-04T00:28:51.674209183) [Msg] Server control service on [/server_control].
(2026-04-04T00:28:53.210963210) (2026-04-04T00:28:53.210980854) [Msg] Found no publishers on /stats, adding root stats topic
(2026-04-04T00:28:53.211297897) (2026-04-04T00:28:53.211309898) [Msg] Found no publishers on /clock, adding root clock topic
(2026-04-04T00:28:53.211534830) (2026-04-04T00:28:53.211546733) [Dbg] [SimulationRunner.cc:533] Creating PostUpdate worker threads: 2
(2026-04-04T00:28:53.211578935) (2026-04-04T00:28:53.211587090) [Dbg] [SimulationRunner.cc:544] Creating postupdate worker thread (0)
(2026-04-04T00:28:53.216584978) (2026-04-04T00:28:53.216603780) [Msg] Serving scene information on [/world/lab_world/scene/info]
(2026-04-04T00:28:53.216715199) (2026-04-04T00:28:53.216723387) [Msg] Serving graph information on [/world/lab_world/scene/graph]
(2026-04-04T00:28:53.216894318) (2026-04-04T00:28:53.216904688) [Msg] Serving full state on [/world/lab_world/state]
(2026-04-04T00:28:53.217016372) (2026-04-04T00:28:53.217026191) [Msg] Serving full state (async) on [/world/lab_world/state_async]
(2026-04-04T00:28:53.217157866) (2026-04-04T00:28:53.217171851) [Msg] Publishing scene information on [/world/lab_world/scene/info]
(2026-04-04T00:28:53.217330262) (2026-04-04T00:28:53.217338572) [Msg] Publishing entity deletions on [/world/lab_world/scene/deletion]
(2026-04-04T00:28:53.217438221) (2026-04-04T00:28:53.217467547) [Msg] Publishing state changes on [/world/lab_world/state]
(2026-04-04T00:28:53.217566513) (2026-04-04T00:28:53.217576993) [Msg] Publishing pose messages on [/world/lab_world/pose/info]
(2026-04-04T00:28:53.217686352) (2026-04-04T00:28:53.217696446) [Msg] Publishing dynamic pose messages on [/world/lab_world/dynamic_pose/info]
(2026-04-04T00:28:53.217955950) (2026-04-04T00:28:53.217964084) [Dbg] [EntityComponentManager.cc:1656] Updated state thread iterators: 16 threads processing around 2 entities each.
(2026-04-04T00:29:34.514405719) (2026-04-04T00:29:34.514426448) [Dbg] [SignalHandler.cc:142] Received signal[2].
(2026-04-04T00:29:34.514460075) (2026-04-04T00:29:34.514469638) [Dbg] [ServerPrivate.cc:122] Server received signal[2]
(2026-04-04T00:29:34.515155662) (2026-04-04T00:29:34.515170044) [Dbg] [gz.cc:434] Shutting down gz-sim-server
(2026-04-04T00:29:34.520551900) (2026-04-04T00:29:34.520572174) [Dbg] [SimulationRunner.cc:560] Exiting postupdate worker thread (0)
