(2026-04-04T01:03:22.662000171) (2026-04-04T01:03:22.662008466) [Msg] Gazebo Sim Server v8.10.0
(2026-04-04T01:03:22.664246128) (2026-04-04T01:03:22.664253753) [Msg] Loading SDF world file[/home/shibu/ros2_ws/src/lab_world/worlds/lab_world.sdf].
(2026-04-04T01:03:22.905222250) (2026-04-04T01:03:22.905234803) [Msg] Serving entity system service on [/entity/system/add]
(2026-04-04T01:03:22.910397822) (2026-04-04T01:03:22.910408102) [Msg] DiffDrive subscribing to twist messages on [/model/robot/cmd_vel]
(2026-04-04T01:03:22.910431205) (2026-04-04T01:03:22.910435974) [Dbg] [SystemManager.cc:80] Loaded system [gz::sim::systems::DiffDrive] for entity [7]
(2026-04-04T01:03:22.910582609) (2026-04-04T01:03:22.910587979) [Msg] Loaded level [default]
(2026-04-04T01:03:22.910606324) (2026-04-04T01:03:22.910610922) [Msg] No systems loaded from SDF, loading defaults
(2026-04-04T01:03:22.911027879) (2026-04-04T01:03:22.911035273) [Dbg] [ServerConfig.cc:1034] Loaded (3) plugins from file [/home/shibu/.gz/sim/8/server.config]
(2026-04-04T01:03:23.39258120) (2026-04-04T01:03:23.39272818) [Dbg] [Physics.cc:899] Loaded [gz::physics::dartsim::Plugin] from library [/opt/ros/jazzy/opt/gz_physics_vendor/lib/gz-physics-7/engine-plugins/libgz-physics-dartsim-plugin.so]
(2026-04-04T01:03:23.39318844) (2026-04-04T01:03:23.39323803) [Dbg] [SystemManager.cc:80] Loaded system [gz::sim::systems::Physics] for entity [1]
(2026-04-04T01:03:23.41862039) (2026-04-04T01:03:23.41871447) [Msg] Create service on [/world/lab_world/create_multiple] (async)
(2026-04-04T01:03:23.41889931) (2026-04-04T01:03:23.41894700) [Msg] Create service on [/world/lab_world/create_multiple/blocking] (blocking)
(2026-04-04T01:03:23.42076481) (2026-04-04T01:03:23.42083665) [Msg] Remove service on [/world/lab_world/remove] (async)
(2026-04-04T01:03:23.42106688) (2026-04-04T01:03:23.42111367) [Msg] Remove service on [/world/lab_world/remove/blocking] (blocking)
(2026-04-04T01:03:23.42283750) (2026-04-04T01:03:23.42290763) [Msg] Pose service on [/world/lab_world/set_pose] (async)
(2026-04-04T01:03:23.42305812) (2026-04-04T01:03:23.42310410) [Msg] Pose service on [/world/lab_world/set_pose/blocking] (blocking)
(2026-04-04T01:03:23.42438500) (2026-04-04T01:03:23.42445363) [Msg] Pose service on [/world/lab_world/set_pose_vector] (async)
(2026-04-04T01:03:23.42460762) (2026-04-04T01:03:23.42465481) [Msg] Pose service on [/world/lab_world/set_pose_vector/blocking] (blocking)
(2026-04-04T01:03:23.42638996) (2026-04-04T01:03:23.42645899) [Msg] Light configuration service on [/world/lab_world/light_config] (async)
(2026-04-04T01:03:23.42661378) (2026-04-04T01:03:23.42665997) [Msg] Light configuration service on [/world/lab_world/light_config/blocking] (blocking)
(2026-04-04T01:03:23.42969456) (2026-04-04T01:03:23.42976419) [Msg] Physics service on [/world/lab_world/set_physics] (async)
(2026-04-04T01:03:23.42991708) (2026-04-04T01:03:23.42996337) [Msg] Physics service on [/world/lab_world/set_physics/blocking] (blocking)
(2026-04-04T01:03:23.43174351) (2026-04-04T01:03:23.43181243) [Msg] SphericalCoordinates service on [/world/lab_world/set_spherical_coordinates] (async)
(2026-04-04T01:03:23.43196722) (2026-04-04T01:03:23.43201351) [Msg] SphericalCoordinates service on [/world/lab_world/set_spherical_coordinates/blocking] (blocking)
(2026-04-04T01:03:23.43324182) (2026-04-04T01:03:23.43330954) [Msg] Enable collision service on [/world/lab_world/enable_collision] (async)
(2026-04-04T01:03:23.43346223) (2026-04-04T01:03:23.43350862) [Msg] Enable collision service on [/world/lab_world/enable_collision/blocking] (blocking)
(2026-04-04T01:03:23.43490443) (2026-04-04T01:03:23.43497216) [Msg] Disable collision service on [/world/lab_world/disable_collision] (async)
(2026-04-04T01:03:23.43512585) (2026-04-04T01:03:23.43517194) [Msg] Disable collision service on [/world/lab_world/disable_collision/blocking] (blocking)
(2026-04-04T01:03:23.43695378) (2026-04-04T01:03:23.43702231) [Msg] Material service on [/world/lab_world/visual_config] (async)
(2026-04-04T01:03:23.43717499) (2026-04-04T01:03:23.43722148) [Msg] Material service on [/world/lab_world/visual_config/blocking] (blocking)
(2026-04-04T01:03:23.43896245) (2026-04-04T01:03:23.43903077) [Msg] Material service on [/world/lab_world/wheel_slip] (async)
(2026-04-04T01:03:23.43918366) (2026-04-04T01:03:23.43923025) [Msg] Material service on [/world/lab_world/wheel_slip/blocking] (blocking)
(2026-04-04T01:03:23.43945597) (2026-04-04T01:03:23.43950486) [Dbg] [SystemManager.cc:80] Loaded system [gz::sim::systems::UserCommands] for entity [1]
(2026-04-04T01:03:23.45443637) (2026-04-04T01:03:23.45451451) [Dbg] [SystemManager.cc:80] Loaded system [gz::sim::systems::SceneBroadcaster] for entity [1]
(2026-04-04T01:03:23.46080321) (2026-04-04T01:03:23.46087444) [Msg] Serving world controls on [/world/lab_world/control], [/world/lab_world/control/state] and [/world/lab_world/playback/control]
(2026-04-04T01:03:23.46216316) (2026-04-04T01:03:23.46223339) [Msg] Serving GUI information on [/world/lab_world/gui/info]
(2026-04-04T01:03:23.46240622) (2026-04-04T01:03:23.46245300) [Msg] World [lab_world] initialized with [default_physics] physics profile.
(2026-04-04T01:03:23.46360086) (2026-04-04T01:03:23.46367069) [Msg] Serving world SDF generation service on [/world/lab_world/generate_world_sdf]
(2026-04-04T01:03:23.46481293) (2026-04-04T01:03:23.46488276) [Msg] Serving world names on [/gazebo/worlds]
(2026-04-04T01:03:23.46565291) (2026-04-04T01:03:23.46572143) [Msg] Resource path add service on [/gazebo/resource_paths/add].
(2026-04-04T01:03:23.46649108) (2026-04-04T01:03:23.46655890) [Msg] Resource path get service on [/gazebo/resource_paths/get].
(2026-04-04T01:03:23.46727475) (2026-04-04T01:03:23.46734257) [Msg] Resource path resolve service on [/gazebo/resource_paths/resolve].
(2026-04-04T01:03:23.46819227) (2026-04-04T01:03:23.46826010) [Msg] Resource paths published on [/gazebo/resource_paths].
(2026-04-04T01:03:23.46922631) (2026-04-04T01:03:23.46929524) [Msg] Server control service on [/server_control].
(2026-04-04T01:03:24.561076595) (2026-04-04T01:03:24.561097922) [Msg] Found no publishers on /stats, adding root stats topic
(2026-04-04T01:03:24.561470681) (2026-04-04T01:03:24.561483619) [Msg] Found no publishers on /clock, adding root clock topic
(2026-04-04T01:03:24.561768181) (2026-04-04T01:03:24.561780695) [Dbg] [SimulationRunner.cc:533] Creating PostUpdate worker threads: 3
(2026-04-04T01:03:24.561813126) (2026-04-04T01:03:24.561820995) [Dbg] [SimulationRunner.cc:544] Creating postupdate worker thread (0)
(2026-04-04T01:03:24.562092739) (2026-04-04T01:03:24.562104428) [Dbg] [SimulationRunner.cc:544] Creating postupdate worker thread (1)
(2026-04-04T01:03:24.568882059) (2026-04-04T01:03:24.568899609) [Msg] Serving scene information on [/world/lab_world/scene/info]
(2026-04-04T01:03:24.569090482) (2026-04-04T01:03:24.569101510) [Msg] Serving graph information on [/world/lab_world/scene/graph]
(2026-04-04T01:03:24.569286923) (2026-04-04T01:03:24.569298016) [Msg] Serving full state on [/world/lab_world/state]
(2026-04-04T01:03:24.569424060) (2026-04-04T01:03:24.569435044) [Msg] Serving full state (async) on [/world/lab_world/state_async]
(2026-04-04T01:03:24.569564789) (2026-04-04T01:03:24.569575816) [Msg] Publishing scene information on [/world/lab_world/scene/info]
(2026-04-04T01:03:24.569746143) (2026-04-04T01:03:24.569757105) [Msg] Publishing entity deletions on [/world/lab_world/scene/deletion]
(2026-04-04T01:03:24.569936560) (2026-04-04T01:03:24.569947631) [Msg] Publishing state changes on [/world/lab_world/state]
(2026-04-04T01:03:24.570039149) (2026-04-04T01:03:24.570048288) [Msg] Publishing pose messages on [/world/lab_world/pose/info]
(2026-04-04T01:03:24.570207392) (2026-04-04T01:03:24.570219787) [Msg] Publishing dynamic pose messages on [/world/lab_world/dynamic_pose/info]
(2026-04-04T01:03:24.570553419) (2026-04-04T01:03:24.570565293) [Dbg] [EntityComponentManager.cc:1656] Updated state thread iterators: 16 threads processing around 2 entities each.
