(2026-04-03T23:43:43.904198826) (2026-04-03T23:43:43.904207218) [Msg] Gazebo Sim Server v8.10.0
(2026-04-03T23:43:43.905295293) (2026-04-03T23:43:43.905302918) [Msg] Loading default world.
(2026-04-03T23:43:44.7859884) (2026-04-03T23:43:44.7875501) [Msg] Serving entity system service on [/entity/system/add]
(2026-04-03T23:43:44.11110750) (2026-04-03T23:43:44.11123332) [Msg] Loaded level [default]
(2026-04-03T23:43:44.11215187) (2026-04-03T23:43:44.11222726) [Msg] No systems loaded from SDF, loading defaults
(2026-04-03T23:43:44.11661758) (2026-04-03T23:43:44.11669966) [Msg] Copied installed config [/opt/ros/jazzy/opt/gz_sim_vendor/share/gz/gz-sim8/server.config] to default config [/home/shibu/.gz/sim/8/server.config].
(2026-04-03T23:43:44.11934646) (2026-04-03T23:43:44.11942217) [Dbg] [ServerConfig.cc:1034] Loaded (3) plugins from file [/home/shibu/.gz/sim/8/server.config]
(2026-04-03T23:43:44.263748136) (2026-04-03T23:43:44.263762976) [Dbg] [Physics.cc:899] Loaded [gz::physics::dartsim::Plugin] from library [/opt/ros/jazzy/opt/gz_physics_vendor/lib/gz-physics-7/engine-plugins/libgz-physics-dartsim-plugin.so]
(2026-04-03T23:43:44.263861636) (2026-04-03T23:43:44.263869185) [Dbg] [SystemManager.cc:80] Loaded system [gz::sim::systems::Physics] for entity [1]
(2026-04-03T23:43:44.269346486) (2026-04-03T23:43:44.269359381) [Msg] Create service on [/world/default/create_multiple] (async)
(2026-04-03T23:43:44.269425144) (2026-04-03T23:43:44.269432650) [Msg] Create service on [/world/default/create_multiple/blocking] (blocking)
(2026-04-03T23:43:44.269729590) (2026-04-03T23:43:44.269737571) [Msg] Remove service on [/world/default/remove] (async)
(2026-04-03T23:43:44.269787371) (2026-04-03T23:43:44.269794791) [Msg] Remove service on [/world/default/remove/blocking] (blocking)
(2026-04-03T23:43:44.270011237) (2026-04-03T23:43:44.270018776) [Msg] Pose service on [/world/default/set_pose] (async)
(2026-04-03T23:43:44.270067031) (2026-04-03T23:43:44.270074364) [Msg] Pose service on [/world/default/set_pose/blocking] (blocking)
(2026-04-03T23:43:44.270280097) (2026-04-03T23:43:44.270287635) [Msg] Pose service on [/world/default/set_pose_vector] (async)
(2026-04-03T23:43:44.270335491) (2026-04-03T23:43:44.270342792) [Msg] Pose service on [/world/default/set_pose_vector/blocking] (blocking)
(2026-04-03T23:43:44.270540208) (2026-04-03T23:43:44.270547682) [Msg] Light configuration service on [/world/default/light_config] (async)
(2026-04-03T23:43:44.270596045) (2026-04-03T23:43:44.270603422) [Msg] Light configuration service on [/world/default/light_config/blocking] (blocking)
(2026-04-03T23:43:44.270932827) (2026-04-03T23:43:44.270940236) [Msg] Physics service on [/world/default/set_physics] (async)
(2026-04-03T23:43:44.270988880) (2026-04-03T23:43:44.270996203) [Msg] Physics service on [/world/default/set_physics/blocking] (blocking)
(2026-04-03T23:43:44.271186361) (2026-04-03T23:43:44.271193997) [Msg] SphericalCoordinates service on [/world/default/set_spherical_coordinates] (async)
(2026-04-03T23:43:44.271242728) (2026-04-03T23:43:44.271250050) [Msg] SphericalCoordinates service on [/world/default/set_spherical_coordinates/blocking] (blocking)
(2026-04-03T23:43:44.271388400) (2026-04-03T23:43:44.271397883) [Msg] Enable collision service on [/world/default/enable_collision] (async)
(2026-04-03T23:43:44.271463926) (2026-04-03T23:43:44.271473949) [Msg] Enable collision service on [/world/default/enable_collision/blocking] (blocking)
(2026-04-03T23:43:44.271697102) (2026-04-03T23:43:44.271706963) [Msg] Disable collision service on [/world/default/disable_collision] (async)
(2026-04-03T23:43:44.271776062) (2026-04-03T23:43:44.271783914) [Msg] Disable collision service on [/world/default/disable_collision/blocking] (blocking)
(2026-04-03T23:43:44.272055193) (2026-04-03T23:43:44.272066306) [Msg] Material service on [/world/default/visual_config] (async)
(2026-04-03T23:43:44.272126301) (2026-04-03T23:43:44.272133818) [Msg] Material service on [/world/default/visual_config/blocking] (blocking)
(2026-04-03T23:43:44.272347856) (2026-04-03T23:43:44.272355459) [Msg] Material service on [/world/default/wheel_slip] (async)
(2026-04-03T23:43:44.272418079) (2026-04-03T23:43:44.272425488) [Msg] Material service on [/world/default/wheel_slip/blocking] (blocking)
(2026-04-03T23:43:44.272488161) (2026-04-03T23:43:44.272495516) [Dbg] [SystemManager.cc:80] Loaded system [gz::sim::systems::UserCommands] for entity [1]
(2026-04-03T23:43:44.276971802) (2026-04-03T23:43:44.276985529) [Dbg] [SystemManager.cc:80] Loaded system [gz::sim::systems::SceneBroadcaster] for entity [1]
(2026-04-03T23:43:44.277644934) (2026-04-03T23:43:44.277654244) [Msg] Serving world controls on [/world/default/control], [/world/default/control/state] and [/world/default/playback/control]
(2026-04-03T23:43:44.277817295) (2026-04-03T23:43:44.277825038) [Msg] Serving GUI information on [/world/default/gui/info]
(2026-04-03T23:43:44.277876652) (2026-04-03T23:43:44.277884245) [Msg] World [default] initialized with [] physics profile.
(2026-04-03T23:43:44.278050546) (2026-04-03T23:43:44.278058344) [Msg] Serving world SDF generation service on [/world/default/generate_world_sdf]
(2026-04-03T23:43:44.278218878) (2026-04-03T23:43:44.278226654) [Msg] Serving world names on [/gazebo/worlds]
(2026-04-03T23:43:44.278352497) (2026-04-03T23:43:44.278359960) [Msg] Resource path add service on [/gazebo/resource_paths/add].
(2026-04-03T23:43:44.278461417) (2026-04-03T23:43:44.278468999) [Msg] Resource path get service on [/gazebo/resource_paths/get].
(2026-04-03T23:43:44.278606075) (2026-04-03T23:43:44.278615871) [Msg] Resource path resolve service on [/gazebo/resource_paths/resolve].
(2026-04-03T23:43:44.278783738) (2026-04-03T23:43:44.278793512) [Msg] Resource paths published on [/gazebo/resource_paths].
(2026-04-03T23:43:44.278989687) (2026-04-03T23:43:44.278997571) [Msg] Server control service on [/server_control].
(2026-04-03T23:43:44.387416059) (2026-04-03T23:43:44.387433804) [Msg] Found no publishers on /stats, adding root stats topic
(2026-04-03T23:43:44.387742279) (2026-04-03T23:43:44.387749439) [Msg] Found no publishers on /clock, adding root clock topic
(2026-04-03T23:43:44.387966933) (2026-04-03T23:43:44.387974245) [Dbg] [SimulationRunner.cc:533] Creating PostUpdate worker threads: 2
(2026-04-03T23:43:44.388026982) (2026-04-03T23:43:44.388038992) [Dbg] [SimulationRunner.cc:544] Creating postupdate worker thread (0)
(2026-04-03T23:43:44.398408990) (2026-04-03T23:43:44.398421000) [Msg] Serving scene information on [/world/default/scene/info]
(2026-04-03T23:43:44.398544824) (2026-04-03T23:43:44.398552309) [Msg] Serving graph information on [/world/default/scene/graph]
(2026-04-03T23:43:44.398812874) (2026-04-03T23:43:44.398820358) [Msg] Serving full state on [/world/default/state]
(2026-04-03T23:43:44.398921599) (2026-04-03T23:43:44.398928911) [Msg] Serving full state (async) on [/world/default/state_async]
(2026-04-03T23:43:44.399061926) (2026-04-03T23:43:44.399069238) [Msg] Publishing scene information on [/world/default/scene/info]
(2026-04-03T23:43:44.399186506) (2026-04-03T23:43:44.399194034) [Msg] Publishing entity deletions on [/world/default/scene/deletion]
(2026-04-03T23:43:44.399301884) (2026-04-03T23:43:44.399309207) [Msg] Publishing state changes on [/world/default/state]
(2026-04-03T23:43:44.399411344) (2026-04-03T23:43:44.399418591) [Msg] Publishing pose messages on [/world/default/pose/info]
(2026-04-03T23:43:44.399528213) (2026-04-03T23:43:44.399535427) [Msg] Publishing dynamic pose messages on [/world/default/dynamic_pose/info]
(2026-04-03T23:43:44.599945528) (2026-04-03T23:43:44.599959276) [Dbg] [EntityComponentManager.cc:1656] Updated state thread iterators: 3 threads processing around 1 entities each.
(2026-04-03T23:44:35.393456590) (2026-04-03T23:44:35.393480261) [Dbg] [SignalHandler.cc:142] Received signal[2].
(2026-04-03T23:44:35.393565430) (2026-04-03T23:44:35.393576794) [Dbg] [ServerPrivate.cc:122] Server received signal[2]
(2026-04-03T23:44:35.394509913) (2026-04-03T23:44:35.394522992) [Dbg] [gz.cc:434] Shutting down gz-sim-server
(2026-04-03T23:44:35.394878141) (2026-04-03T23:44:35.394890905) [Dbg] [SimulationRunner.cc:560] Exiting postupdate worker thread (0)
