(2026-04-04T00:26:38.360910964) (2026-04-04T00:26:38.360920694) [Msg] Gazebo Sim Server v8.10.0
(2026-04-04T00:26:38.362203982) (2026-04-04T00:26:38.362211478) [Msg] Loading SDF world file[/home/shibu/ros2_ws/src/lab_world/worlds/lab_world.sdf].
(2026-04-04T00:26:38.600085434) (2026-04-04T00:26:38.600101199) [Msg] Serving entity system service on [/entity/system/add]
(2026-04-04T00:26:38.602744459) (2026-04-04T00:26:38.602765164) [Err] [SystemLoader.cc:92] Failed to load system plugin [libSkidSteerDrivePlugin.so] : Could not find shared library.
(2026-04-04T00:26:38.603079746) (2026-04-04T00:26:38.603088037) [Msg] Loaded level [default]
(2026-04-04T00:26:38.603113177) (2026-04-04T00:26:38.603118354) [Msg] No systems loaded from SDF, loading defaults
(2026-04-04T00:26:38.603276026) (2026-04-04T00:26:38.603283017) [Dbg] [ServerConfig.cc:1034] Loaded (3) plugins from file [/home/shibu/.gz/sim/8/server.config]
(2026-04-04T00:26:38.664530957) (2026-04-04T00:26:38.664549869) [Dbg] [Physics.cc:899] Loaded [gz::physics::dartsim::Plugin] from library [/opt/ros/jazzy/opt/gz_physics_vendor/lib/gz-physics-7/engine-plugins/libgz-physics-dartsim-plugin.so]
(2026-04-04T00:26:38.664607098) (2026-04-04T00:26:38.664612811) [Dbg] [SystemManager.cc:80] Loaded system [gz::sim::systems::Physics] for entity [1]
(2026-04-04T00:26:38.666800209) (2026-04-04T00:26:38.666811163) [Msg] Create service on [/world/lab_world/create_multiple] (async)
(2026-04-04T00:26:38.666831470) (2026-04-04T00:26:38.666836722) [Msg] Create service on [/world/lab_world/create_multiple/blocking] (blocking)
(2026-04-04T00:26:38.666976503) (2026-04-04T00:26:38.666984547) [Msg] Remove service on [/world/lab_world/remove] (async)
(2026-04-04T00:26:38.667002159) (2026-04-04T00:26:38.667007324) [Msg] Remove service on [/world/lab_world/remove/blocking] (blocking)
(2026-04-04T00:26:38.667146848) (2026-04-04T00:26:38.667154784) [Msg] Pose service on [/world/lab_world/set_pose] (async)
(2026-04-04T00:26:38.667171988) (2026-04-04T00:26:38.667177100) [Msg] Pose service on [/world/lab_world/set_pose/blocking] (blocking)
(2026-04-04T00:26:38.667316301) (2026-04-04T00:26:38.667323905) [Msg] Pose service on [/world/lab_world/set_pose_vector] (async)
(2026-04-04T00:26:38.667340872) (2026-04-04T00:26:38.667346027) [Msg] Pose service on [/world/lab_world/set_pose_vector/blocking] (blocking)
(2026-04-04T00:26:38.667494432) (2026-04-04T00:26:38.667502024) [Msg] Light configuration service on [/world/lab_world/light_config] (async)
(2026-04-04T00:26:38.667519068) (2026-04-04T00:26:38.667524233) [Msg] Light configuration service on [/world/lab_world/light_config/blocking] (blocking)
(2026-04-04T00:26:38.667817208) (2026-04-04T00:26:38.667824769) [Msg] Physics service on [/world/lab_world/set_physics] (async)
(2026-04-04T00:26:38.667841522) (2026-04-04T00:26:38.667846612) [Msg] Physics service on [/world/lab_world/set_physics/blocking] (blocking)
(2026-04-04T00:26:38.668003973) (2026-04-04T00:26:38.668011566) [Msg] SphericalCoordinates service on [/world/lab_world/set_spherical_coordinates] (async)
(2026-04-04T00:26:38.668028502) (2026-04-04T00:26:38.668033603) [Msg] SphericalCoordinates service on [/world/lab_world/set_spherical_coordinates/blocking] (blocking)
(2026-04-04T00:26:38.668129482) (2026-04-04T00:26:38.668136914) [Msg] Enable collision service on [/world/lab_world/enable_collision] (async)
(2026-04-04T00:26:38.668153871) (2026-04-04T00:26:38.668159015) [Msg] Enable collision service on [/world/lab_world/enable_collision/blocking] (blocking)
(2026-04-04T00:26:38.668250212) (2026-04-04T00:26:38.668257568) [Msg] Disable collision service on [/world/lab_world/disable_collision] (async)
(2026-04-04T00:26:38.668274418) (2026-04-04T00:26:38.668279519) [Msg] Disable collision service on [/world/lab_world/disable_collision/blocking] (blocking)
(2026-04-04T00:26:38.668416852) (2026-04-04T00:26:38.668424176) [Msg] Material service on [/world/lab_world/visual_config] (async)
(2026-04-04T00:26:38.668441004) (2026-04-04T00:26:38.668446137) [Msg] Material service on [/world/lab_world/visual_config/blocking] (blocking)
(2026-04-04T00:26:38.668628166) (2026-04-04T00:26:38.668635748) [Msg] Material service on [/world/lab_world/wheel_slip] (async)
(2026-04-04T00:26:38.668652620) (2026-04-04T00:26:38.668657742) [Msg] Material service on [/world/lab_world/wheel_slip/blocking] (blocking)
(2026-04-04T00:26:38.668683215) (2026-04-04T00:26:38.668688467) [Dbg] [SystemManager.cc:80] Loaded system [gz::sim::systems::UserCommands] for entity [1]
(2026-04-04T00:26:38.669810635) (2026-04-04T00:26:38.669818819) [Dbg] [SystemManager.cc:80] Loaded system [gz::sim::systems::SceneBroadcaster] for entity [1]
(2026-04-04T00:26:38.670509637) (2026-04-04T00:26:38.670517649) [Msg] Serving world controls on [/world/lab_world/control], [/world/lab_world/control/state] and [/world/lab_world/playback/control]
(2026-04-04T00:26:38.670635415) (2026-04-04T00:26:38.670643308) [Msg] Serving GUI information on [/world/lab_world/gui/info]
(2026-04-04T00:26:38.670662295) (2026-04-04T00:26:38.670667450) [Msg] World [lab_world] initialized with [default_physics] physics profile.
(2026-04-04T00:26:38.670784195) (2026-04-04T00:26:38.670791949) [Msg] Serving world SDF generation service on [/world/lab_world/generate_world_sdf]
(2026-04-04T00:26:38.670909489) (2026-04-04T00:26:38.670918199) [Msg] Serving world names on [/gazebo/worlds]
(2026-04-04T00:26:38.671018256) (2026-04-04T00:26:38.671025784) [Msg] Resource path add service on [/gazebo/resource_paths/add].
(2026-04-04T00:26:38.671096276) (2026-04-04T00:26:38.671103739) [Msg] Resource path get service on [/gazebo/resource_paths/get].
(2026-04-04T00:26:38.671173780) (2026-04-04T00:26:38.671181276) [Msg] Resource path resolve service on [/gazebo/resource_paths/resolve].
(2026-04-04T00:26:38.671269928) (2026-04-04T00:26:38.671277392) [Msg] Resource paths published on [/gazebo/resource_paths].
(2026-04-04T00:26:38.671369566) (2026-04-04T00:26:38.671377126) [Msg] Server control service on [/server_control].
(2026-04-04T00:26:40.253566134) (2026-04-04T00:26:40.253584144) [Msg] Found no publishers on /stats, adding root stats topic
(2026-04-04T00:26:40.253983330) (2026-04-04T00:26:40.253993081) [Msg] Found no publishers on /clock, adding root clock topic
(2026-04-04T00:26:40.254258521) (2026-04-04T00:26:40.254269658) [Dbg] [SimulationRunner.cc:533] Creating PostUpdate worker threads: 2
(2026-04-04T00:26:40.254304807) (2026-04-04T00:26:40.254313645) [Dbg] [SimulationRunner.cc:544] Creating postupdate worker thread (0)
(2026-04-04T00:26:40.259244526) (2026-04-04T00:26:40.259270493) [Msg] Serving scene information on [/world/lab_world/scene/info]
(2026-04-04T00:26:40.259426855) (2026-04-04T00:26:40.259437358) [Msg] Serving graph information on [/world/lab_world/scene/graph]
(2026-04-04T00:26:40.259650467) (2026-04-04T00:26:40.259660475) [Msg] Serving full state on [/world/lab_world/state]
(2026-04-04T00:26:40.259757590) (2026-04-04T00:26:40.259766654) [Msg] Serving full state (async) on [/world/lab_world/state_async]
(2026-04-04T00:26:40.259899132) (2026-04-04T00:26:40.259908475) [Msg] Publishing scene information on [/world/lab_world/scene/info]
(2026-04-04T00:26:40.260091315) (2026-04-04T00:26:40.260102194) [Msg] Publishing entity deletions on [/world/lab_world/scene/deletion]
(2026-04-04T00:26:40.260200339) (2026-04-04T00:26:40.260209940) [Msg] Publishing state changes on [/world/lab_world/state]
(2026-04-04T00:26:40.260286027) (2026-04-04T00:26:40.260293781) [Msg] Publishing pose messages on [/world/lab_world/pose/info]
(2026-04-04T00:26:40.260351483) (2026-04-04T00:26:40.260358689) [Msg] Publishing dynamic pose messages on [/world/lab_world/dynamic_pose/info]
(2026-04-04T00:26:40.260945219) (2026-04-04T00:26:40.260954197) [Dbg] [EntityComponentManager.cc:1656] Updated state thread iterators: 16 threads processing around 2 entities each.
(2026-04-04T00:27:10.651028596) (2026-04-04T00:27:10.651047713) [Dbg] [SignalHandler.cc:142] Received signal[2].
(2026-04-04T00:27:10.651080099) (2026-04-04T00:27:10.651089305) [Dbg] [ServerPrivate.cc:122] Server received signal[2]
(2026-04-04T00:27:10.651260364) (2026-04-04T00:27:10.651272991) [Dbg] [gz.cc:434] Shutting down gz-sim-server
(2026-04-04T00:27:10.656541408) (2026-04-04T00:27:10.656556163) [Dbg] [SimulationRunner.cc:560] Exiting postupdate worker thread (0)
