(2026-04-04T00:52:27.513266957) (2026-04-04T00:52:27.513277909) [Msg] Gazebo Sim Server v8.10.0
(2026-04-04T00:52:27.515134753) (2026-04-04T00:52:27.515144879) [Msg] Loading SDF world file[/opt/ros/jazzy/opt/gz_sim_vendor/share/gz/gz-sim8/worlds/empty.sdf].
(2026-04-04T00:52:27.675528299) (2026-04-04T00:52:27.675550354) [Msg] Serving entity system service on [/entity/system/add]
(2026-04-04T00:52:27.754510672) (2026-04-04T00:52:27.754525943) [Dbg] [Physics.cc:899] Loaded [gz::physics::dartsim::Plugin] from library [/opt/ros/jazzy/opt/gz_physics_vendor/lib/gz-physics-7/engine-plugins/libgz-physics-dartsim-plugin.so]
(2026-04-04T00:52:27.754577205) (2026-04-04T00:52:27.754582719) [Dbg] [SystemManager.cc:80] Loaded system [gz::sim::systems::Physics] for entity [1]
(2026-04-04T00:52:27.757047548) (2026-04-04T00:52:27.757056231) [Msg] Create service on [/world/empty/create_multiple] (async)
(2026-04-04T00:52:27.757076680) (2026-04-04T00:52:27.757081944) [Msg] Create service on [/world/empty/create_multiple/blocking] (blocking)
(2026-04-04T00:52:27.757266012) (2026-04-04T00:52:27.757273815) [Msg] Remove service on [/world/empty/remove] (async)
(2026-04-04T00:52:27.757290910) (2026-04-04T00:52:27.757296055) [Msg] Remove service on [/world/empty/remove/blocking] (blocking)
(2026-04-04T00:52:27.757416335) (2026-04-04T00:52:27.757423987) [Msg] Pose service on [/world/empty/set_pose] (async)
(2026-04-04T00:52:27.757440691) (2026-04-04T00:52:27.757445868) [Msg] Pose service on [/world/empty/set_pose/blocking] (blocking)
(2026-04-04T00:52:27.757564770) (2026-04-04T00:52:27.757572314) [Msg] Pose service on [/world/empty/set_pose_vector] (async)
(2026-04-04T00:52:27.757589028) (2026-04-04T00:52:27.757594162) [Msg] Pose service on [/world/empty/set_pose_vector/blocking] (blocking)
(2026-04-04T00:52:27.757762687) (2026-04-04T00:52:27.757770307) [Msg] Light configuration service on [/world/empty/light_config] (async)
(2026-04-04T00:52:27.757787184) (2026-04-04T00:52:27.757792307) [Msg] Light configuration service on [/world/empty/light_config/blocking] (blocking)
(2026-04-04T00:52:27.758034279) (2026-04-04T00:52:27.758041942) [Msg] Physics service on [/world/empty/set_physics] (async)
(2026-04-04T00:52:27.758058874) (2026-04-04T00:52:27.758064029) [Msg] Physics service on [/world/empty/set_physics/blocking] (blocking)
(2026-04-04T00:52:27.758197063) (2026-04-04T00:52:27.758204639) [Msg] SphericalCoordinates service on [/world/empty/set_spherical_coordinates] (async)
(2026-04-04T00:52:27.758221614) (2026-04-04T00:52:27.758226683) [Msg] SphericalCoordinates service on [/world/empty/set_spherical_coordinates/blocking] (blocking)
(2026-04-04T00:52:27.758321229) (2026-04-04T00:52:27.758328620) [Msg] Enable collision service on [/world/empty/enable_collision] (async)
(2026-04-04T00:52:27.758345509) (2026-04-04T00:52:27.758350610) [Msg] Enable collision service on [/world/empty/enable_collision/blocking] (blocking)
(2026-04-04T00:52:27.758504385) (2026-04-04T00:52:27.758512276) [Msg] Disable collision service on [/world/empty/disable_collision] (async)
(2026-04-04T00:52:27.758529338) (2026-04-04T00:52:27.758534493) [Msg] Disable collision service on [/world/empty/disable_collision/blocking] (blocking)
(2026-04-04T00:52:27.758729067) (2026-04-04T00:52:27.758736774) [Msg] Material service on [/world/empty/visual_config] (async)
(2026-04-04T00:52:27.758753597) (2026-04-04T00:52:27.758758676) [Msg] Material service on [/world/empty/visual_config/blocking] (blocking)
(2026-04-04T00:52:27.758884340) (2026-04-04T00:52:27.758891840) [Msg] Material service on [/world/empty/wheel_slip] (async)
(2026-04-04T00:52:27.758908587) (2026-04-04T00:52:27.758913700) [Msg] Material service on [/world/empty/wheel_slip/blocking] (blocking)
(2026-04-04T00:52:27.758936829) (2026-04-04T00:52:27.758942049) [Dbg] [SystemManager.cc:80] Loaded system [gz::sim::systems::UserCommands] for entity [1]
(2026-04-04T00:52:27.759993772) (2026-04-04T00:52:27.760001717) [Dbg] [SystemManager.cc:80] Loaded system [gz::sim::systems::SceneBroadcaster] for entity [1]
(2026-04-04T00:52:27.762797172) (2026-04-04T00:52:27.762854523) [Dbg] [SystemManager.cc:80] Loaded system [gz::sim::systems::Contact] for entity [1]
(2026-04-04T00:52:27.763291601) (2026-04-04T00:52:27.763299437) [Msg] Loaded level [default]
(2026-04-04T00:52:27.763808606) (2026-04-04T00:52:27.763816377) [Msg] Serving world controls on [/world/empty/control], [/world/empty/control/state] and [/world/empty/playback/control]
(2026-04-04T00:52:27.763915818) (2026-04-04T00:52:27.763923709) [Msg] Serving GUI information on [/world/empty/gui/info]
(2026-04-04T00:52:27.763942377) (2026-04-04T00:52:27.763947490) [Msg] World [empty] initialized with [1ms] physics profile.
(2026-04-04T00:52:27.764058946) (2026-04-04T00:52:27.764066848) [Msg] Serving world SDF generation service on [/world/empty/generate_world_sdf]
(2026-04-04T00:52:27.764174147) (2026-04-04T00:52:27.764181788) [Msg] Serving world names on [/gazebo/worlds]
(2026-04-04T00:52:27.764251284) (2026-04-04T00:52:27.764258893) [Msg] Resource path add service on [/gazebo/resource_paths/add].
(2026-04-04T00:52:27.764339188) (2026-04-04T00:52:27.764346808) [Msg] Resource path get service on [/gazebo/resource_paths/get].
(2026-04-04T00:52:27.764416467) (2026-04-04T00:52:27.764424108) [Msg] Resource path resolve service on [/gazebo/resource_paths/resolve].
(2026-04-04T00:52:27.764547091) (2026-04-04T00:52:27.764554775) [Msg] Resource paths published on [/gazebo/resource_paths].
(2026-04-04T00:52:27.764658341) (2026-04-04T00:52:27.764666047) [Msg] Server control service on [/server_control].
(2026-04-04T00:52:27.764805658) (2026-04-04T00:52:27.764813212) [Msg] Found no publishers on /stats, adding root stats topic
(2026-04-04T00:52:27.764959466) (2026-04-04T00:52:27.764967009) [Msg] Found no publishers on /clock, adding root clock topic
(2026-04-04T00:52:27.765071845) (2026-04-04T00:52:27.765079312) [Dbg] [SimulationRunner.cc:533] Creating PostUpdate worker threads: 3
(2026-04-04T00:52:27.765097503) (2026-04-04T00:52:27.765102713) [Dbg] [SimulationRunner.cc:544] Creating postupdate worker thread (0)
(2026-04-04T00:52:27.765228008) (2026-04-04T00:52:27.765235812) [Dbg] [SimulationRunner.cc:544] Creating postupdate worker thread (1)
(2026-04-04T00:52:27.769648456) (2026-04-04T00:52:27.769662131) [Msg] Serving scene information on [/world/empty/scene/info]
(2026-04-04T00:52:27.769776724) (2026-04-04T00:52:27.769788273) [Msg] Serving graph information on [/world/empty/scene/graph]
(2026-04-04T00:52:27.769983563) (2026-04-04T00:52:27.769994916) [Msg] Serving full state on [/world/empty/state]
(2026-04-04T00:52:27.770081453) (2026-04-04T00:52:27.770089137) [Msg] Serving full state (async) on [/world/empty/state_async]
(2026-04-04T00:52:27.770166187) (2026-04-04T00:52:27.770173807) [Msg] Publishing scene information on [/world/empty/scene/info]
(2026-04-04T00:52:27.770243249) (2026-04-04T00:52:27.770249859) [Msg] Publishing entity deletions on [/world/empty/scene/deletion]
(2026-04-04T00:52:27.770325932) (2026-04-04T00:52:27.770333497) [Msg] Publishing state changes on [/world/empty/state]
(2026-04-04T00:52:27.770413836) (2026-04-04T00:52:27.770421401) [Msg] Publishing pose messages on [/world/empty/pose/info]
(2026-04-04T00:52:27.770492124) (2026-04-04T00:52:27.770499645) [Msg] Publishing dynamic pose messages on [/world/empty/dynamic_pose/info]
(2026-04-04T00:52:28.106813917) (2026-04-04T00:52:28.106828190) [Dbg] [EntityComponentManager.cc:1656] Updated state thread iterators: 9 threads processing around 1 entities each.
(2026-04-04T00:53:18.58391187) (2026-04-04T00:53:18.58408109) [Dbg] [SignalHandler.cc:142] Received signal[2].
(2026-04-04T00:53:18.58436262) (2026-04-04T00:53:18.58444397) [Dbg] [ServerPrivate.cc:122] Server received signal[2]
(2026-04-04T00:53:18.58790105) (2026-04-04T00:53:18.58800976) [Dbg] [gz.cc:434] Shutting down gz-sim-server
((2026-04-04T00:53:18.61188233) (2026-04-04T00:53:18.61251982) [Dbg] [SimulationRunner.cc:560] ) [Dbg] [SimulationRunner.cc:560] ) (2026-04-04T00:53:18.61311214) Exiting postupdate worker thread (0)
[Dbg] [SimulationRunner.cc:560] [Dbg] [SimulationRunner.cc:560] Exiting postupdate worker thread (1)
